{"name": "test_selenium_homework_task2", "status": "broken", "statusDetails": {"message": "selenium.common.exceptions.NoSuchElementException: Message: no such element: Unable to locate element: {\"method\":\"css selector\",\"selector\":\"[id=\"username\"]\"}\n  (Session info: chrome=143.0.7499.170); For documentation on this error, please visit: https://www.selenium.dev/documentation/webdriver/troubleshooting/errors#nosuchelementexception\nStacktrace:\nSymbols not available. Dumping unresolved backtrace:\n\t0x7ff7c09188e5\n\t0x7ff7c0918940\n\t0x7ff7c06f165d\n\t0x7ff7c0749a33\n\t0x7ff7c0749d3c\n\t0x7ff7c079df67\n\t0x7ff7c079ac97\n\t0x7ff7c073ac29\n\t0x7ff7c073ba93\n\t0x7ff7c0c30640\n\t0x7ff7c0c2af80\n\t0x7ff7c0c496e6\n\t0x7ff7c0935de4\n\t0x7ff7c093ed8c\n\t0x7ff7c0922004\n\t0x7ff7c09221b5\n\t0x7ff7c0907ee2\n\t0x7ffb8d00e8d7\n\t0x7ffb8d88c53c", "trace": "def test_selenium_homework_task2():\n        chrome_options = Options()\n        chrome_options.add_argument(\"--start-maximized\")\n        driver = webdriver.Chrome(chrome_options)\n        driver.get(\"https://www.idrive360.com/enterprise/account?upgradenow=true\")\n        time.sleep(5)\n        print(driver.current_url)\n    \n        # Find the element of the email address and password fields and clicking on SignIn button\n>       email_address = driver.find_element(By.ID, \"username\")\n                        ^^^^^^^^^^^^^^^^^^^^^^^^^^^^^^^^^^^^^^\n\nTasks\\Selenium_Task_26Dec25.py:36: \n_ _ _ _ _ _ _ _ _ _ _ _ _ _ _ _ _ _ _ _ _ _ _ _ _ _ _ _ _ _ _ _ _ _ _ _ _ _ _ _\n..\\PyATB6xAPIAutoamtionFramework\\.venv\\Lib\\site-packages\\selenium\\webdriver\\remote\\webdriver.py:802: in find_element\n    return self.execute(Command.FIND_ELEMENT, {\"using\": by, \"value\": value})[\"value\"]\n           ^^^^^^^^^^^^^^^^^^^^^^^^^^^^^^^^^^^^^^^^^^^^^^^^^^^^^^^^^^^^^^^^^\n..\\PyATB6xAPIAutoamtionFramework\\.venv\\Lib\\site-packages\\selenium\\webdriver\\remote\\webdriver.py:432: in execute\n    self.error_handler.check_response(response)\n_ _ _ _ _ _ _ _ _ _ _ _ _ _ _ _ _ _ _ _ _ _ _ _ _ _ _ _ _ _ _ _ _ _ _ _ _ _ _ _\n\nself = <selenium.webdriver.remote.errorhandler.ErrorHandler object at 0x000001DE781C1BE0>\nresponse = {'status': 404, 'value': '{\"value\":{\"error\":\"no such element\",\"message\":\"no such element: Unable to locate element: {\\...ff7c093ed8c\\\\n\\\\t0x7ff7c0922004\\\\n\\\\t0x7ff7c09221b5\\\\n\\\\t0x7ff7c0907ee2\\\\n\\\\t0x7ffb8d00e8d7\\\\n\\\\t0x7ffb8d88c53c\\\\n\"}}'}\n\n    def check_response(self, response: dict[str, Any]) -> None:\n        \"\"\"Check that a JSON response from the WebDriver does not have an error.\n    \n        Args:\n            response: The JSON response from the WebDriver server as a dictionary\n                object.\n    \n        Raises:\n            WebDriverException: If the response contains an error message.\n        \"\"\"\n        status = response.get(\"status\", None)\n        if not status or status == ErrorCode.SUCCESS:\n            return\n        value = None\n        message = response.get(\"message\", \"\")\n        screen: str = response.get(\"screen\", \"\")\n        stacktrace = None\n        if isinstance(status, int):\n            value_json = response.get(\"value\", None)\n            if value_json and isinstance(value_json, str):\n                try:\n                    value = json.loads(value_json)\n                    if isinstance(value, dict):\n                        if len(value) == 1:\n                            value = value[\"value\"]\n                        status = value.get(\"error\", None)\n                        if not status:\n                            status = value.get(\"status\", ErrorCode.UNKNOWN_ERROR)\n                            message = value.get(\"value\") or value.get(\"message\")\n                            if not isinstance(message, str):\n                                value = message\n                                message = message.get(\"message\") if isinstance(message, dict) else None\n                        else:\n                            message = value.get(\"message\", None)\n                except ValueError:\n                    pass\n    \n        exception_class: type[WebDriverException]\n        e = ErrorCode()\n        error_codes = [item for item in dir(e) if not item.startswith(\"__\")]\n        for error_code in error_codes:\n            error_info = getattr(ErrorCode, error_code)\n            if isinstance(error_info, list) and status in error_info:\n                exception_class = getattr(ExceptionMapping, error_code, WebDriverException)\n                break\n        else:\n            exception_class = WebDriverException\n    \n        if not value:\n            value = response[\"value\"]\n        if isinstance(value, str):\n            raise exception_class(value)\n        if message == \"\" and \"message\" in value:\n            message = value[\"message\"]\n    \n        screen = None  # type: ignore[assignment]\n        if \"screen\" in value:\n            screen = value[\"screen\"]\n    \n        stacktrace = None\n        st_value = value.get(\"stackTrace\") or value.get(\"stacktrace\")\n        if st_value:\n            if isinstance(st_value, str):\n                stacktrace = st_value.split(\"\\n\")\n            else:\n                stacktrace = []\n                try:\n                    for frame in st_value:\n                        line = frame.get(\"lineNumber\", \"\")\n                        file = frame.get(\"fileName\", \"<anonymous>\")\n                        if line:\n                            file = f\"{file}:{line}\"\n                        meth = frame.get(\"methodName\", \"<anonymous>\")\n                        if \"className\" in frame:\n                            meth = f\"{frame['className']}.{meth}\"\n                        msg = \"    at %s (%s)\"\n                        msg = msg % (meth, file)\n                        stacktrace.append(msg)\n                except TypeError:\n                    pass\n        if exception_class == UnexpectedAlertPresentException:\n            alert_text = None\n            if \"data\" in value:\n                alert_text = value[\"data\"].get(\"text\")\n            elif \"alert\" in value:\n                alert_text = value[\"alert\"].get(\"text\")\n            raise exception_class(message, screen, stacktrace, alert_text)  # type: ignore[call-arg]  # mypy is not smart enough here\n>       raise exception_class(message, screen, stacktrace)\nE       selenium.common.exceptions.NoSuchElementException: Message: no such element: Unable to locate element: {\"method\":\"css selector\",\"selector\":\"[id=\"username\"]\"}\nE         (Session info: chrome=143.0.7499.170); For documentation on this error, please visit: https://www.selenium.dev/documentation/webdriver/troubleshooting/errors#nosuchelementexception\nE       Stacktrace:\nE       Symbols not available. Dumping unresolved backtrace:\nE       \t0x7ff7c09188e5\nE       \t0x7ff7c0918940\nE       \t0x7ff7c06f165d\nE       \t0x7ff7c0749a33\nE       \t0x7ff7c0749d3c\nE       \t0x7ff7c079df67\nE       \t0x7ff7c079ac97\nE       \t0x7ff7c073ac29\nE       \t0x7ff7c073ba93\nE       \t0x7ff7c0c30640\nE       \t0x7ff7c0c2af80\nE       \t0x7ff7c0c496e6\nE       \t0x7ff7c0935de4\nE       \t0x7ff7c093ed8c\nE       \t0x7ff7c0922004\nE       \t0x7ff7c09221b5\nE       \t0x7ff7c0907ee2\nE       \t0x7ffb8d00e8d7\nE       \t0x7ffb8d88c53c\n\n..\\PyATB6xAPIAutoamtionFramework\\.venv\\Lib\\site-packages\\selenium\\webdriver\\remote\\errorhandler.py:232: NoSuchElementException"}, "attachments": [{"name": "stdout", "source": "42e3cac7-199a-4b84-92c5-59d4075234bb-attachment.txt", "type": "text/plain"}], "start": 1766990247934, "stop": 1766990259877, "uuid": "5921b904-f196-48ab-a615-24d5cec3d52c", "historyId": "a73a15d0134125a459741b5a5db97b6e", "testCaseId": "a73a15d0134125a459741b5a5db97b6e", "fullName": "Tasks.Selenium_Task_26Dec25#test_selenium_homework_task2", "labels": [{"name": "parentSuite", "value": "Tasks"}, {"name": "suite", "value": "Selenium_Task_26Dec25"}, {"name": "host", "value": "DESKTOP-I7J0B1S"}, {"name": "thread", "value": "4144-MainThread"}, {"name": "framework", "value": "pytest"}, {"name": "language", "value": "cpython3"}, {"name": "package", "value": "Tasks.Selenium_Task_26Dec25"}], "titlePath": ["Tasks", "Selenium_Task_26Dec25.py"]}