{"name": "test_selenium_homework_task2", "status": "broken", "statusDetails": {"message": "selenium.common.exceptions.TimeoutException: Message: \nStacktrace:\nSymbols not available. Dumping unresolved backtrace:\n\t0x7ff788bb88e5\n\t0x7ff788bb8940\n\t0x7ff78899165d\n\t0x7ff7889e9a33\n\t0x7ff7889e9d3c\n\t0x7ff788a3df67\n\t0x7ff788a3ac97\n\t0x7ff7889dac29\n\t0x7ff7889dba93\n\t0x7ff788ed0640\n\t0x7ff788ecaf80\n\t0x7ff788ee96e6\n\t0x7ff788bd5de4\n\t0x7ff788bded8c\n\t0x7ff788bc2004\n\t0x7ff788bc21b5\n\t0x7ff788ba7ee2\n\t0x7ffb8d00e8d7\n\t0x7ffb8d88c53c", "trace": "def test_selenium_homework_task2():\n        chrome_options = Options()\n        chrome_options.add_argument(\"--start-maximized\")\n        driver = webdriver.Chrome(options=chrome_options)\n    \n        driver.get(\"https://www.idrive360.com/enterprise/account?upgradenow=true\")\n    \n        wait = WebDriverWait(driver, 15)\n    \n        # Wait for and enter email\n        email_input = wait.until(EC.presence_of_element_located((By.NAME, \"username\")))\n        email_input.send_keys(\"augtest_040823@idrive.com\")\n    \n        # Wait for and enter password\n        password_input = wait.until(EC.presence_of_element_located((By.NAME, \"password\")))\n        password_input.send_keys(\"123456\")\n    \n        # Click Sign In\n        sign_in_button = wait.until(EC.element_to_be_clickable((By.ID, \"frm-btn\")))\n        sign_in_button.click()\n    \n        # Verify \"Your free trial has expired!\" message\n>       expired_msg = wait.until(EC.visibility_of_element_located((By.CLASS_NAME, \"id-card-title\")))\n                      ^^^^^^^^^^^^^^^^^^^^^^^^^^^^^^^^^^^^^^^^^^^^^^^^^^^^^^^^^^^^^^^^^^^^^^^^^^^^^^\n\nTasks\\Selenium_Task_26Dec25.py:47: \n_ _ _ _ _ _ _ _ _ _ _ _ _ _ _ _ _ _ _ _ _ _ _ _ _ _ _ _ _ _ _ _ _ _ _ _ _ _ _ _\n\nself = <selenium.webdriver.support.wait.WebDriverWait (session=\"72b2ad770a492e1ef178f14fd851fa99\")>\nmethod = <function visibility_of_element_located.<locals>._predicate at 0x000001CDB4D7FD70>\nmessage = ''\n\n    def until(self, method: Callable[[D], Literal[False] | T], message: str = \"\") -> T:\n        \"\"\"Wait until the method returns a value that is not False.\n    \n        Calls the method provided with the driver as an argument until the\n        return value does not evaluate to ``False``.\n    \n        Args:\n            method: A callable object that takes a WebDriver instance as an\n                argument.\n            message: Optional message for TimeoutException.\n    \n        Returns:\n            The result of the last call to `method`.\n    \n        Raises:\n            TimeoutException: If 'method' does not return a truthy value within\n                the WebDriverWait object's timeout.\n    \n        Example:\n            >>> from selenium.webdriver.common.by import By\n            >>> from selenium.webdriver.support.ui import WebDriverWait\n            >>> from selenium.webdriver.support import expected_conditions as EC\n            >>>\n            >>> # Wait until an element is visible on the page\n            >>> wait = WebDriverWait(driver, 10)\n            >>> element = wait.until(EC.visibility_of_element_located((By.ID, \"exampleId\")))\n            >>> print(element.text)\n        \"\"\"\n        screen = None\n        stacktrace = None\n    \n        end_time = time.monotonic() + self._timeout\n        while True:\n            try:\n                value = method(self._driver)\n                if value:\n                    return value\n            except self._ignored_exceptions as exc:\n                screen = getattr(exc, \"screen\", None)\n                stacktrace = getattr(exc, \"stacktrace\", None)\n            if time.monotonic() > end_time:\n                break\n            time.sleep(self._poll)\n>       raise TimeoutException(message, screen, stacktrace)\nE       selenium.common.exceptions.TimeoutException: Message: \nE       Stacktrace:\nE       Symbols not available. Dumping unresolved backtrace:\nE       \t0x7ff788bb88e5\nE       \t0x7ff788bb8940\nE       \t0x7ff78899165d\nE       \t0x7ff7889e9a33\nE       \t0x7ff7889e9d3c\nE       \t0x7ff788a3df67\nE       \t0x7ff788a3ac97\nE       \t0x7ff7889dac29\nE       \t0x7ff7889dba93\nE       \t0x7ff788ed0640\nE       \t0x7ff788ecaf80\nE       \t0x7ff788ee96e6\nE       \t0x7ff788bd5de4\nE       \t0x7ff788bded8c\nE       \t0x7ff788bc2004\nE       \t0x7ff788bc21b5\nE       \t0x7ff788ba7ee2\nE       \t0x7ffb8d00e8d7\nE       \t0x7ffb8d88c53c\n\n..\\PyATB6xAPIAutoamtionFramework\\.venv\\Lib\\site-packages\\selenium\\webdriver\\support\\wait.py:122: TimeoutException"}, "start": 1766990433584, "stop": 1766990468513, "uuid": "064e9eeb-19f8-4eb4-80d8-e480b51bd68d", "historyId": "a73a15d0134125a459741b5a5db97b6e", "testCaseId": "a73a15d0134125a459741b5a5db97b6e", "fullName": "Tasks.Selenium_Task_26Dec25#test_selenium_homework_task2", "labels": [{"name": "parentSuite", "value": "Tasks"}, {"name": "suite", "value": "Selenium_Task_26Dec25"}, {"name": "host", "value": "DESKTOP-I7J0B1S"}, {"name": "thread", "value": "14792-MainThread"}, {"name": "framework", "value": "pytest"}, {"name": "language", "value": "cpython3"}, {"name": "package", "value": "Tasks.Selenium_Task_26Dec25"}], "titlePath": ["Tasks", "Selenium_Task_26Dec25.py"]}