{"name": "test_selenium_homework_task1", "status": "failed", "statusDetails": {"message": "AssertionError: assert 'Your email, ...did not match' == ''\n  \n  \u001b[0m\u001b[92m+ Your email, password, IP address or location did not match\u001b[39;49;00m\u001b[90m\u001b[39;49;00m", "trace": "def test_selenium_homework_task1():\n        chrome_options = Options()\n        chrome_options.add_argument(\"--start-maximized\")\n        driver = webdriver.Chrome(chrome_options)\n        driver.get(\"https://app.vwo.com/#/login\")\n        print(driver.current_url)\n    \n        # Find the element of the email address and password fields and clicking on Submit button\n        email_address = driver.find_element(By.ID, \"login-username\")\n        email_address.send_keys(\"admin@admin.com\")\n        password = driver.find_element(By.ID, \"login-password\")\n        password.send_keys(\"admin\")\n        sign_in = driver.find_element(By.ID, \"js-login-btn\")\n        sign_in.click()\n        time.sleep(2)\n    \n        # Verifying the error message after submitting the invalid credentials\n        error_message = driver.find_element(By.ID, \"js-notification-box-msg\")\n        print(error_message.text)\n    \n>       assert \"Your email, password, IP address or location did not match\" == error_message.text\nE       AssertionError: assert 'Your email, ...did not match' == ''\nE         \nE         \u001b[0m\u001b[92m+ Your email, password, IP address or location did not match\u001b[39;49;00m\u001b[90m\u001b[39;49;00m\n\nTasks\\Selenium_Task_25Dec25.py:46: AssertionError"}, "attachments": [{"name": "stdout", "source": "77e9f6be-eaa6-435b-b117-882f3258fbb1-attachment.txt", "type": "text/plain"}], "start": 1766995406816, "stop": 1766995497446, "uuid": "8da396ef-41b0-42f4-a77b-211849cbd36e", "historyId": "77830203d49609c9cd7b67ce9b9aa4d7", "testCaseId": "77830203d49609c9cd7b67ce9b9aa4d7", "fullName": "Tasks.Selenium_Task_25Dec25#test_selenium_homework_task1", "labels": [{"name": "parentSuite", "value": "Tasks"}, {"name": "suite", "value": "Selenium_Task_25Dec25"}, {"name": "host", "value": "DESKTOP-I7J0B1S"}, {"name": "thread", "value": "17228-MainThread"}, {"name": "framework", "value": "pytest"}, {"name": "language", "value": "cpython3"}, {"name": "package", "value": "Tasks.Selenium_Task_25Dec25"}], "titlePath": ["Tasks", "Selenium_Task_25Dec25.py"]}